<?xml version="1.0" encoding="UTF-8"?>
<!-- Generated by org.testng.reporters.JUnitReportReporter -->
<testsuite hostname="Joysworld" failures="0" tests="1" name="com.regression.PracticeParameterAnnotationTestNG" time="0.009" errors="0" timestamp="2022-12-17T14:43:18 EST" skipped="0">
  <testcase classname="com.regression.PracticeParameterAnnotationTestNG" name="test" time="0.009"/>
  <system-out/>
</testsuite> <!-- com.regression.PracticeParameterAnnotationTestNG -->
