<?xml version="1.0" encoding="UTF-8"?>
<!-- Generated by org.testng.reporters.JUnitReportReporter -->
<testsuite hostname="Joysworld" failures="0" tests="1" name="com.cucumber.test.CucumberRunnerL" time="5.856" errors="0" timestamp="2022-12-11T14:44:52 EST" skipped="0">
  <testcase classname="com.cucumber.test.CucumberRunnerL" name="runScenario" time="5.856"/>
  <system-out/>
</testsuite> <!-- com.cucumber.test.CucumberRunnerL -->
