<?xml version="1.0" encoding="UTF-8"?>
<!-- Generated by org.testng.reporters.JUnitReportReporter -->
<testsuite hostname="Joysworld" failures="0" tests="1" name="com.generic.GoogleWithTestNG" time="0.006" errors="0" timestamp="2022-12-17T15:24:04 EST" skipped="0">
  <testcase classname="com.generic.GoogleWithTestNG" name="loginTest" time="0.006"/>
  <system-out/>
</testsuite> <!-- com.generic.GoogleWithTestNG -->
