<?xml version="1.0" encoding="UTF-8"?>
<!-- Generated by org.testng.reporters.JUnitReportReporter -->
<testsuite hostname="Joysworld" failures="0" tests="1" name="com.cucumber.test.CucumberRunner" time="57.861" errors="0" timestamp="2022-11-21T21:56:24 EST" skipped="0">
  <testcase classname="com.cucumber.test.CucumberRunner" name="runScenario" time="57.861"/>
  <system-out/>
</testsuite> <!-- com.cucumber.test.CucumberRunner -->
